<?xml version="1.0" encoding="UTF-8"?>
<!-- Generated by org.testng.reporters.JUnitReportReporter -->
<testsuite hostname="Jaykirti" name="com.inetbanking.testCases.TC_LoginTest_001" tests="1" failures="0" timestamp="18 Feb 2020 05:34:52 GMT" time="24.274" errors="0">
  <testcase name="loginTest" time="24.274" classname="com.inetbanking.testCases.TC_LoginTest_001"/>
</testsuite> <!-- com.inetbanking.testCases.TC_LoginTest_001 -->
